{"/Users/wballard/embrace-sql-core/src/structured-console.ts": {"path":"/Users/wballard/embrace-sql-core/src/structured-console.ts","statementMap":{"0":{"start":{"line":2,"column":0},"end":{"line":2,"column":30}},"1":{"start":{"line":3,"column":0},"end":{"line":3,"column":34}},"2":{"start":{"line":4,"column":0},"end":{"line":4,"column":24}},"3":{"start":{"line":29,"column":20},"end":{"line":54,"column":1}},"4":{"start":{"line":34,"column":15},"end":{"line":34,"column":26}},"5":{"start":{"line":37,"column":22},"end":{"line":37,"column":29}},"6":{"start":{"line":38,"column":23},"end":{"line":38,"column":78}},"7":{"start":{"line":41,"column":2},"end":{"line":47,"column":null}},"8":{"start":{"line":42,"column":4},"end":{"line":44,"column":null}},"9":{"start":{"line":43,"column":6},"end":{"line":43,"column":35}},"10":{"start":{"line":46,"column":4},"end":{"line":46,"column":33}},"11":{"start":{"line":48,"column":2},"end":{"line":53,"column":5}},"12":{"start":{"line":60,"column":16},"end":{"line":60,"column":30}},"13":{"start":{"line":108,"column":18},"end":{"line":108,"column":27}},"14":{"start":{"line":65,"column":16},"end":{"line":103,"column":1}},"15":{"start":{"line":66,"column":22},"end":{"line":66,"column":33}},"16":{"start":{"line":67,"column":2},"end":{"line":71,"column":4}},"17":{"start":{"line":68,"column":22},"end":{"line":68,"column":62}},"18":{"start":{"line":69,"column":4},"end":{"line":69,"column":36}},"19":{"start":{"line":70,"column":4},"end":{"line":70,"column":31}},"20":{"start":{"line":72,"column":24},"end":{"line":72,"column":37}},"21":{"start":{"line":73,"column":2},"end":{"line":77,"column":4}},"22":{"start":{"line":74,"column":22},"end":{"line":74,"column":63}},"23":{"start":{"line":75,"column":4},"end":{"line":75,"column":36}},"24":{"start":{"line":76,"column":4},"end":{"line":76,"column":31}},"25":{"start":{"line":78,"column":23},"end":{"line":78,"column":35}},"26":{"start":{"line":79,"column":2},"end":{"line":83,"column":4}},"27":{"start":{"line":80,"column":22},"end":{"line":80,"column":62}},"28":{"start":{"line":81,"column":4},"end":{"line":81,"column":36}},"29":{"start":{"line":82,"column":4},"end":{"line":82,"column":31}},"30":{"start":{"line":84,"column":23},"end":{"line":84,"column":35}},"31":{"start":{"line":85,"column":2},"end":{"line":89,"column":4}},"32":{"start":{"line":86,"column":22},"end":{"line":86,"column":62}},"33":{"start":{"line":87,"column":4},"end":{"line":87,"column":36}},"34":{"start":{"line":88,"column":4},"end":{"line":88,"column":31}},"35":{"start":{"line":90,"column":24},"end":{"line":90,"column":37}},"36":{"start":{"line":91,"column":2},"end":{"line":95,"column":4}},"37":{"start":{"line":92,"column":22},"end":{"line":92,"column":63}},"38":{"start":{"line":93,"column":4},"end":{"line":93,"column":36}},"39":{"start":{"line":94,"column":4},"end":{"line":94,"column":31}},"40":{"start":{"line":96,"column":2},"end":{"line":102,"column":4}},"41":{"start":{"line":97,"column":4},"end":{"line":97,"column":30}},"42":{"start":{"line":98,"column":4},"end":{"line":98,"column":34}},"43":{"start":{"line":99,"column":4},"end":{"line":99,"column":32}},"44":{"start":{"line":100,"column":4},"end":{"line":100,"column":32}},"45":{"start":{"line":101,"column":4},"end":{"line":101,"column":34}},"46":{"start":{"line":108,"column":9},"end":{"line":108,"column":16}}},"fnMap":{"0":{"name":"(anonymous_1)","decl":{"start":{"line":29,"column":20},"end":{"line":29,"column":null}},"loc":{"start":{"line":33,"column":12},"end":{"line":54,"column":1}}},"1":{"name":"(anonymous_2)","decl":{"start":{"line":60,"column":16},"end":{"line":60,"column":25}},"loc":{"start":{"line":60,"column":27},"end":{"line":60,"column":30}}},"2":{"name":"(anonymous_3)","decl":{"start":{"line":65,"column":16},"end":{"line":65,"column":25}},"loc":{"start":{"line":65,"column":27},"end":{"line":103,"column":1}}},"3":{"name":"(anonymous_4)","decl":{"start":{"line":67,"column":16},"end":{"line":67,"column":17}},"loc":{"start":{"line":67,"column":61},"end":{"line":71,"column":3}}},"4":{"name":"(anonymous_5)","decl":{"start":{"line":73,"column":18},"end":{"line":73,"column":19}},"loc":{"start":{"line":73,"column":63},"end":{"line":77,"column":3}}},"5":{"name":"(anonymous_6)","decl":{"start":{"line":79,"column":17},"end":{"line":79,"column":18}},"loc":{"start":{"line":79,"column":62},"end":{"line":83,"column":3}}},"6":{"name":"(anonymous_7)","decl":{"start":{"line":85,"column":17},"end":{"line":85,"column":18}},"loc":{"start":{"line":85,"column":62},"end":{"line":89,"column":3}}},"7":{"name":"(anonymous_8)","decl":{"start":{"line":91,"column":18},"end":{"line":91,"column":19}},"loc":{"start":{"line":91,"column":63},"end":{"line":95,"column":3}}},"8":{"name":"(anonymous_9)","decl":{"start":{"line":96,"column":14},"end":{"line":96,"column":23}},"loc":{"start":{"line":96,"column":25},"end":{"line":102,"column":3}}}},"branchMap":{"0":{"loc":{"start":{"line":42,"column":4},"end":{"line":44,"column":null}},"type":"if","locations":[{"start":{"line":42,"column":4},"end":{"line":44,"column":null}},{"start":{"line":42,"column":4},"end":{"line":44,"column":null}}]}},"s":{"0":1,"1":1,"2":1,"3":1,"4":5,"5":5,"6":5,"7":5,"8":5,"9":0,"10":0,"11":5,"12":1,"13":1,"14":1,"15":1,"16":1,"17":1,"18":1,"19":1,"20":1,"21":1,"22":1,"23":1,"24":1,"25":1,"26":1,"27":1,"28":1,"29":1,"30":1,"31":1,"32":1,"33":1,"34":1,"35":1,"36":1,"37":1,"38":1,"39":1,"40":1,"41":1,"42":1,"43":1,"44":1,"45":1,"46":1},"f":{"0":5,"1":0,"2":1,"3":1,"4":1,"5":1,"6":1,"7":1,"8":1},"b":{"0":[0,5]}}
}
