TN:
SF:src/structured-console.ts
FN:29,(anonymous_1)
FN:60,(anonymous_2)
FN:65,(anonymous_3)
FN:67,(anonymous_4)
FN:73,(anonymous_5)
FN:79,(anonymous_6)
FN:85,(anonymous_7)
FN:91,(anonymous_8)
FN:96,(anonymous_9)
FNF:9
FNH:8
FNDA:5,(anonymous_1)
FNDA:0,(anonymous_2)
FNDA:1,(anonymous_3)
FNDA:1,(anonymous_4)
FNDA:1,(anonymous_5)
FNDA:1,(anonymous_6)
FNDA:1,(anonymous_7)
FNDA:1,(anonymous_8)
FNDA:1,(anonymous_9)
DA:2,1
DA:3,1
DA:4,1
DA:29,1
DA:34,5
DA:37,5
DA:38,5
DA:41,5
DA:42,5
DA:43,0
DA:46,0
DA:48,5
DA:60,1
DA:65,1
DA:66,1
DA:67,1
DA:68,1
DA:69,1
DA:70,1
DA:72,1
DA:73,1
DA:74,1
DA:75,1
DA:76,1
DA:78,1
DA:79,1
DA:80,1
DA:81,1
DA:82,1
DA:84,1
DA:85,1
DA:86,1
DA:87,1
DA:88,1
DA:90,1
DA:91,1
DA:92,1
DA:93,1
DA:94,1
DA:96,1
DA:97,1
DA:98,1
DA:99,1
DA:100,1
DA:101,1
DA:108,1
LF:46
LH:44
BRDA:42,0,0,0
BRDA:42,0,1,5
BRF:2
BRH:1
end_of_record
